2014-04-08 22:44:18,030 - Log4JLogChute initialized using file 'velocity.log'
2014-04-08 22:44:18,030 - Velocity was not initialized! Calling init()...
2014-04-08 22:44:18,030 - Starting Apache Velocity v1.5 (compiled: 2007-02-22 08:52:29)
2014-04-08 22:44:18,030 - Default Properties File: org\apache\velocity\runtime\defaults\velocity.properties
2014-04-08 22:44:18,031 - Trying to use logger class org.apache.velocity.runtime.log.AvalonLogChute
2014-04-08 22:44:18,032 - Couldn't find class org.apache.velocity.runtime.log.AvalonLogChute or necessary supporting classes in classpath.
java.lang.NoClassDefFoundError: org/apache/log/format/Formatter
	at java.lang.Class.forName0(Native Method)
	at java.lang.Class.forName(Class.java:270)
	at org.apache.velocity.util.ClassUtils.getClass(ClassUtils.java:63)
	at org.apache.velocity.util.ClassUtils.getNewInstance(ClassUtils.java:95)
	at org.apache.velocity.runtime.log.LogManager.createLogChute(LogManager.java:147)
	at org.apache.velocity.runtime.log.LogManager.updateLog(LogManager.java:208)
	at org.apache.velocity.runtime.RuntimeInstance.initializeLog(RuntimeInstance.java:728)
	at org.apache.velocity.runtime.RuntimeInstance.init(RuntimeInstance.java:240)
	at org.apache.velocity.runtime.RuntimeInstance.parse(RuntimeInstance.java:993)
	at org.apache.velocity.runtime.RuntimeInstance.parse(RuntimeInstance.java:972)
	at org.apache.velocity.runtime.RuntimeSingleton.parse(RuntimeSingleton.java:265)
	at org.apache.velocity.app.Velocity.evaluate(Velocity.java:274)
	at org.sonatype.mavenbook.weather.WeatherFormatter.format(WeatherFormatter.java:23)
	at org.sonatype.mavenbook.weather.yahoo.WeatherFormatterTest.testFormat(WeatherFormatterTest.java:16)
	at sun.reflect.NativeMethodAccessorImpl.invoke0(Native Method)
	at sun.reflect.NativeMethodAccessorImpl.invoke(NativeMethodAccessorImpl.java:57)
	at sun.reflect.DelegatingMethodAccessorImpl.invoke(DelegatingMethodAccessorImpl.java:43)
	at java.lang.reflect.Method.invoke(Method.java:606)
	at junit.framework.TestCase.runTest(TestCase.java:154)
	at junit.framework.TestCase.runBare(TestCase.java:127)
	at junit.framework.TestResult$1.protect(TestResult.java:106)
	at junit.framework.TestResult.runProtected(TestResult.java:124)
	at junit.framework.TestResult.run(TestResult.java:109)
	at junit.framework.TestCase.run(TestCase.java:118)
	at junit.framework.TestSuite.runTest(TestSuite.java:208)
	at junit.framework.TestSuite.run(TestSuite.java:203)
	at sun.reflect.NativeMethodAccessorImpl.invoke0(Native Method)
	at sun.reflect.NativeMethodAccessorImpl.invoke(NativeMethodAccessorImpl.java:57)
	at sun.reflect.DelegatingMethodAccessorImpl.invoke(DelegatingMethodAccessorImpl.java:43)
	at java.lang.reflect.Method.invoke(Method.java:606)
	at org.apache.maven.surefire.junit.JUnitTestSet.execute(JUnitTestSet.java:95)
	at org.apache.maven.surefire.junit.JUnit3Provider.executeTestSet(JUnit3Provider.java:121)
	at org.apache.maven.surefire.junit.JUnit3Provider.invoke(JUnit3Provider.java:98)
	at sun.reflect.NativeMethodAccessorImpl.invoke0(Native Method)
	at sun.reflect.NativeMethodAccessorImpl.invoke(NativeMethodAccessorImpl.java:57)
	at sun.reflect.DelegatingMethodAccessorImpl.invoke(DelegatingMethodAccessorImpl.java:43)
	at java.lang.reflect.Method.invoke(Method.java:606)
	at org.apache.maven.surefire.util.ReflectionUtils.invokeMethodWithArray(ReflectionUtils.java:189)
	at org.apache.maven.surefire.booter.ProviderFactory$ProviderProxy.invoke(ProviderFactory.java:165)
	at org.apache.maven.surefire.booter.ProviderFactory.invokeProvider(ProviderFactory.java:85)
	at org.apache.maven.surefire.booter.ForkedBooter.runSuitesInProcess(ForkedBooter.java:115)
	at org.apache.maven.surefire.booter.ForkedBooter.main(ForkedBooter.java:75)
Caused by: java.lang.ClassNotFoundException: org.apache.log.format.Formatter
	at java.net.URLClassLoader$1.run(URLClassLoader.java:366)
	at java.net.URLClassLoader$1.run(URLClassLoader.java:355)
	at java.security.AccessController.doPrivileged(Native Method)
	at java.net.URLClassLoader.findClass(URLClassLoader.java:354)
	at java.lang.ClassLoader.loadClass(ClassLoader.java:425)
	at sun.misc.Launcher$AppClassLoader.loadClass(Launcher.java:308)
	at java.lang.ClassLoader.loadClass(ClassLoader.java:358)
	... 42 more
2014-04-08 22:44:18,036 - Trying to use logger class org.apache.velocity.runtime.log.Log4JLogChute
2014-04-08 22:44:18,036 - Using logger class org.apache.velocity.runtime.log.Log4JLogChute
2014-04-08 22:44:18,038 - Default ResourceManager initializing. (class org.apache.velocity.runtime.resource.ResourceManagerImpl)
2014-04-08 22:44:18,042 - ResourceLoader instantiated: org.apache.velocity.runtime.resource.loader.FileResourceLoader
2014-04-08 22:44:18,044 - Do unicode file recognition:  false
2014-04-08 22:44:18,044 - FileResourceLoader : adding path '.'
2014-04-08 22:44:18,061 - ResourceCache: initialized (class org.apache.velocity.runtime.resource.ResourceCacheImpl)
2014-04-08 22:44:18,063 - Loaded System Directive: org.apache.velocity.runtime.directive.Literal
2014-04-08 22:44:18,065 - Loaded System Directive: org.apache.velocity.runtime.directive.Macro
2014-04-08 22:44:18,067 - Loaded System Directive: org.apache.velocity.runtime.directive.Parse
2014-04-08 22:44:18,069 - Loaded System Directive: org.apache.velocity.runtime.directive.Include
2014-04-08 22:44:18,070 - Loaded System Directive: org.apache.velocity.runtime.directive.Foreach
2014-04-08 22:44:18,112 - Created '20' parsers.
2014-04-08 22:44:18,120 - Velocimacro : "velocimacro.library" is not set.  Trying default library: VM_global_library.vm
2014-04-08 22:44:18,120 - Velocimacro : Default library not found.
2014-04-08 22:44:18,120 - Velocimacro : allowInline = true : VMs can be defined inline in templates
2014-04-08 22:44:18,121 - Velocimacro : allowInlineToOverride = false : VMs defined inline may NOT replace previous VM definitions
2014-04-08 22:44:18,121 - Velocimacro : allowInlineLocal = false : VMs defined inline will be global in scope if allowed.
2014-04-08 22:44:18,121 - Velocimacro : autoload off : VM system will not automatically reload global library macros
2014-04-08 22:44:46,281 - Log4JLogChute initialized using file 'velocity.log'
2014-04-08 22:44:46,281 - Velocity was not initialized! Calling init()...
2014-04-08 22:44:46,281 - Starting Apache Velocity v1.5 (compiled: 2007-02-22 08:52:29)
2014-04-08 22:44:46,282 - Default Properties File: org\apache\velocity\runtime\defaults\velocity.properties
2014-04-08 22:44:46,282 - Trying to use logger class org.apache.velocity.runtime.log.AvalonLogChute
2014-04-08 22:44:46,282 - Couldn't find class org.apache.velocity.runtime.log.AvalonLogChute or necessary supporting classes in classpath.
java.lang.NoClassDefFoundError: org/apache/log/format/Formatter
	at java.lang.Class.forName0(Native Method)
	at java.lang.Class.forName(Class.java:270)
	at org.apache.velocity.util.ClassUtils.getClass(ClassUtils.java:63)
	at org.apache.velocity.util.ClassUtils.getNewInstance(ClassUtils.java:95)
	at org.apache.velocity.runtime.log.LogManager.createLogChute(LogManager.java:147)
	at org.apache.velocity.runtime.log.LogManager.updateLog(LogManager.java:208)
	at org.apache.velocity.runtime.RuntimeInstance.initializeLog(RuntimeInstance.java:728)
	at org.apache.velocity.runtime.RuntimeInstance.init(RuntimeInstance.java:240)
	at org.apache.velocity.runtime.RuntimeInstance.parse(RuntimeInstance.java:993)
	at org.apache.velocity.runtime.RuntimeInstance.parse(RuntimeInstance.java:972)
	at org.apache.velocity.runtime.RuntimeSingleton.parse(RuntimeSingleton.java:265)
	at org.apache.velocity.app.Velocity.evaluate(Velocity.java:274)
	at org.sonatype.mavenbook.weather.WeatherFormatter.format(WeatherFormatter.java:23)
	at org.sonatype.mavenbook.weather.Main.start(Main.java:39)
	at org.sonatype.mavenbook.weather.Main.main(Main.java:22)
	at sun.reflect.NativeMethodAccessorImpl.invoke0(Native Method)
	at sun.reflect.NativeMethodAccessorImpl.invoke(NativeMethodAccessorImpl.java:57)
	at sun.reflect.DelegatingMethodAccessorImpl.invoke(DelegatingMethodAccessorImpl.java:43)
	at java.lang.reflect.Method.invoke(Method.java:606)
	at org.codehaus.mojo.exec.ExecJavaMojo$1.run(ExecJavaMojo.java:297)
	at java.lang.Thread.run(Thread.java:744)
Caused by: java.lang.ClassNotFoundException: org.apache.log.format.Formatter
	at java.net.URLClassLoader$1.run(URLClassLoader.java:366)
	at java.net.URLClassLoader$1.run(URLClassLoader.java:355)
	at java.security.AccessController.doPrivileged(Native Method)
	at java.net.URLClassLoader.findClass(URLClassLoader.java:354)
	at java.lang.ClassLoader.loadClass(ClassLoader.java:425)
	at java.lang.ClassLoader.loadClass(ClassLoader.java:358)
	... 21 more
2014-04-08 22:44:46,284 - Trying to use logger class org.apache.velocity.runtime.log.Log4JLogChute
2014-04-08 22:44:46,284 - Using logger class org.apache.velocity.runtime.log.Log4JLogChute
2014-04-08 22:44:46,286 - Default ResourceManager initializing. (class org.apache.velocity.runtime.resource.ResourceManagerImpl)
2014-04-08 22:44:46,289 - ResourceLoader instantiated: org.apache.velocity.runtime.resource.loader.FileResourceLoader
2014-04-08 22:44:46,290 - Do unicode file recognition:  false
2014-04-08 22:44:46,290 - FileResourceLoader : adding path '.'
2014-04-08 22:44:46,303 - ResourceCache: initialized (class org.apache.velocity.runtime.resource.ResourceCacheImpl)
2014-04-08 22:44:46,304 - Loaded System Directive: org.apache.velocity.runtime.directive.Literal
2014-04-08 22:44:46,305 - Loaded System Directive: org.apache.velocity.runtime.directive.Macro
2014-04-08 22:44:46,306 - Loaded System Directive: org.apache.velocity.runtime.directive.Parse
2014-04-08 22:44:46,307 - Loaded System Directive: org.apache.velocity.runtime.directive.Include
2014-04-08 22:44:46,309 - Loaded System Directive: org.apache.velocity.runtime.directive.Foreach
2014-04-08 22:44:46,340 - Created '20' parsers.
2014-04-08 22:44:46,356 - Velocimacro : "velocimacro.library" is not set.  Trying default library: VM_global_library.vm
2014-04-08 22:44:46,356 - Velocimacro : Default library not found.
2014-04-08 22:44:46,356 - Velocimacro : allowInline = true : VMs can be defined inline in templates
2014-04-08 22:44:46,356 - Velocimacro : allowInlineToOverride = false : VMs defined inline may NOT replace previous VM definitions
2014-04-08 22:44:46,356 - Velocimacro : allowInlineLocal = false : VMs defined inline will be global in scope if allowed.
2014-04-08 22:44:46,356 - Velocimacro : autoload off : VM system will not automatically reload global library macros
2014-04-08 22:45:52,222 - Log4JLogChute initialized using file 'velocity.log'
2014-04-08 22:45:52,222 - Velocity was not initialized! Calling init()...
2014-04-08 22:45:52,222 - Starting Apache Velocity v1.5 (compiled: 2007-02-22 08:52:29)
2014-04-08 22:45:52,222 - Default Properties File: org\apache\velocity\runtime\defaults\velocity.properties
2014-04-08 22:45:52,222 - Trying to use logger class org.apache.velocity.runtime.log.AvalonLogChute
2014-04-08 22:45:52,240 - Couldn't find class org.apache.velocity.runtime.log.AvalonLogChute or necessary supporting classes in classpath.
java.lang.NoClassDefFoundError: org/apache/log/format/Formatter
	at java.lang.Class.forName0(Native Method)
	at java.lang.Class.forName(Class.java:270)
	at org.apache.velocity.util.ClassUtils.getClass(ClassUtils.java:63)
	at org.apache.velocity.util.ClassUtils.getNewInstance(ClassUtils.java:95)
	at org.apache.velocity.runtime.log.LogManager.createLogChute(LogManager.java:147)
	at org.apache.velocity.runtime.log.LogManager.updateLog(LogManager.java:208)
	at org.apache.velocity.runtime.RuntimeInstance.initializeLog(RuntimeInstance.java:728)
	at org.apache.velocity.runtime.RuntimeInstance.init(RuntimeInstance.java:240)
	at org.apache.velocity.runtime.RuntimeInstance.parse(RuntimeInstance.java:993)
	at org.apache.velocity.runtime.RuntimeInstance.parse(RuntimeInstance.java:972)
	at org.apache.velocity.runtime.RuntimeSingleton.parse(RuntimeSingleton.java:265)
	at org.apache.velocity.app.Velocity.evaluate(Velocity.java:274)
	at org.sonatype.mavenbook.weather.WeatherFormatter.format(WeatherFormatter.java:23)
	at org.sonatype.mavenbook.weather.yahoo.WeatherFormatterTest.testFormat(WeatherFormatterTest.java:16)
	at sun.reflect.NativeMethodAccessorImpl.invoke0(Native Method)
	at sun.reflect.NativeMethodAccessorImpl.invoke(NativeMethodAccessorImpl.java:57)
	at sun.reflect.DelegatingMethodAccessorImpl.invoke(DelegatingMethodAccessorImpl.java:43)
	at java.lang.reflect.Method.invoke(Method.java:606)
	at junit.framework.TestCase.runTest(TestCase.java:154)
	at junit.framework.TestCase.runBare(TestCase.java:127)
	at junit.framework.TestResult$1.protect(TestResult.java:106)
	at junit.framework.TestResult.runProtected(TestResult.java:124)
	at junit.framework.TestResult.run(TestResult.java:109)
	at junit.framework.TestCase.run(TestCase.java:118)
	at junit.framework.TestSuite.runTest(TestSuite.java:208)
	at junit.framework.TestSuite.run(TestSuite.java:203)
	at sun.reflect.NativeMethodAccessorImpl.invoke0(Native Method)
	at sun.reflect.NativeMethodAccessorImpl.invoke(NativeMethodAccessorImpl.java:57)
	at sun.reflect.DelegatingMethodAccessorImpl.invoke(DelegatingMethodAccessorImpl.java:43)
	at java.lang.reflect.Method.invoke(Method.java:606)
	at org.apache.maven.surefire.junit.JUnitTestSet.execute(JUnitTestSet.java:95)
	at org.apache.maven.surefire.junit.JUnit3Provider.executeTestSet(JUnit3Provider.java:121)
	at org.apache.maven.surefire.junit.JUnit3Provider.invoke(JUnit3Provider.java:98)
	at sun.reflect.NativeMethodAccessorImpl.invoke0(Native Method)
	at sun.reflect.NativeMethodAccessorImpl.invoke(NativeMethodAccessorImpl.java:57)
	at sun.reflect.DelegatingMethodAccessorImpl.invoke(DelegatingMethodAccessorImpl.java:43)
	at java.lang.reflect.Method.invoke(Method.java:606)
	at org.apache.maven.surefire.util.ReflectionUtils.invokeMethodWithArray(ReflectionUtils.java:189)
	at org.apache.maven.surefire.booter.ProviderFactory$ProviderProxy.invoke(ProviderFactory.java:165)
	at org.apache.maven.surefire.booter.ProviderFactory.invokeProvider(ProviderFactory.java:85)
	at org.apache.maven.surefire.booter.ForkedBooter.runSuitesInProcess(ForkedBooter.java:115)
	at org.apache.maven.surefire.booter.ForkedBooter.main(ForkedBooter.java:75)
Caused by: java.lang.ClassNotFoundException: org.apache.log.format.Formatter
	at java.net.URLClassLoader$1.run(URLClassLoader.java:366)
	at java.net.URLClassLoader$1.run(URLClassLoader.java:355)
	at java.security.AccessController.doPrivileged(Native Method)
	at java.net.URLClassLoader.findClass(URLClassLoader.java:354)
	at java.lang.ClassLoader.loadClass(ClassLoader.java:425)
	at sun.misc.Launcher$AppClassLoader.loadClass(Launcher.java:308)
	at java.lang.ClassLoader.loadClass(ClassLoader.java:358)
	... 42 more
2014-04-08 22:45:52,243 - Trying to use logger class org.apache.velocity.runtime.log.Log4JLogChute
2014-04-08 22:45:52,243 - Using logger class org.apache.velocity.runtime.log.Log4JLogChute
2014-04-08 22:45:52,245 - Default ResourceManager initializing. (class org.apache.velocity.runtime.resource.ResourceManagerImpl)
2014-04-08 22:45:52,249 - ResourceLoader instantiated: org.apache.velocity.runtime.resource.loader.FileResourceLoader
2014-04-08 22:45:52,250 - Do unicode file recognition:  false
2014-04-08 22:45:52,250 - FileResourceLoader : adding path '.'
2014-04-08 22:45:52,263 - ResourceCache: initialized (class org.apache.velocity.runtime.resource.ResourceCacheImpl)
2014-04-08 22:45:52,267 - Loaded System Directive: org.apache.velocity.runtime.directive.Literal
2014-04-08 22:45:52,269 - Loaded System Directive: org.apache.velocity.runtime.directive.Macro
2014-04-08 22:45:52,273 - Loaded System Directive: org.apache.velocity.runtime.directive.Parse
2014-04-08 22:45:52,275 - Loaded System Directive: org.apache.velocity.runtime.directive.Include
2014-04-08 22:45:52,275 - Loaded System Directive: org.apache.velocity.runtime.directive.Foreach
2014-04-08 22:45:52,313 - Created '20' parsers.
2014-04-08 22:45:52,321 - Velocimacro : "velocimacro.library" is not set.  Trying default library: VM_global_library.vm
2014-04-08 22:45:52,322 - Velocimacro : Default library not found.
2014-04-08 22:45:52,322 - Velocimacro : allowInline = true : VMs can be defined inline in templates
2014-04-08 22:45:52,322 - Velocimacro : allowInlineToOverride = false : VMs defined inline may NOT replace previous VM definitions
2014-04-08 22:45:52,322 - Velocimacro : allowInlineLocal = false : VMs defined inline will be global in scope if allowed.
2014-04-08 22:45:52,322 - Velocimacro : autoload off : VM system will not automatically reload global library macros
2014-04-08 22:55:00,894 - Log4JLogChute initialized using file 'velocity.log'
2014-04-08 22:55:00,895 - Velocity was not initialized! Calling init()...
2014-04-08 22:55:00,895 - Starting Apache Velocity v1.5 (compiled: 2007-02-22 08:52:29)
2014-04-08 22:55:00,895 - Default Properties File: org\apache\velocity\runtime\defaults\velocity.properties
2014-04-08 22:55:00,895 - Trying to use logger class org.apache.velocity.runtime.log.AvalonLogChute
2014-04-08 22:55:00,896 - Couldn't find class org.apache.velocity.runtime.log.AvalonLogChute or necessary supporting classes in classpath.
java.lang.NoClassDefFoundError: org/apache/log/format/Formatter
	at java.lang.Class.forName0(Native Method)
	at java.lang.Class.forName(Class.java:270)
	at org.apache.velocity.util.ClassUtils.getClass(ClassUtils.java:63)
	at org.apache.velocity.util.ClassUtils.getNewInstance(ClassUtils.java:95)
	at org.apache.velocity.runtime.log.LogManager.createLogChute(LogManager.java:147)
	at org.apache.velocity.runtime.log.LogManager.updateLog(LogManager.java:208)
	at org.apache.velocity.runtime.RuntimeInstance.initializeLog(RuntimeInstance.java:728)
	at org.apache.velocity.runtime.RuntimeInstance.init(RuntimeInstance.java:240)
	at org.apache.velocity.runtime.RuntimeInstance.parse(RuntimeInstance.java:993)
	at org.apache.velocity.runtime.RuntimeInstance.parse(RuntimeInstance.java:972)
	at org.apache.velocity.runtime.RuntimeSingleton.parse(RuntimeSingleton.java:265)
	at org.apache.velocity.app.Velocity.evaluate(Velocity.java:274)
	at org.sonatype.mavenbook.weather.WeatherFormatter.format(WeatherFormatter.java:23)
	at org.sonatype.mavenbook.weather.yahoo.WeatherFormatterTest.testFormat(WeatherFormatterTest.java:16)
	at sun.reflect.NativeMethodAccessorImpl.invoke0(Native Method)
	at sun.reflect.NativeMethodAccessorImpl.invoke(NativeMethodAccessorImpl.java:57)
	at sun.reflect.DelegatingMethodAccessorImpl.invoke(DelegatingMethodAccessorImpl.java:43)
	at java.lang.reflect.Method.invoke(Method.java:606)
	at junit.framework.TestCase.runTest(TestCase.java:154)
	at junit.framework.TestCase.runBare(TestCase.java:127)
	at junit.framework.TestResult$1.protect(TestResult.java:106)
	at junit.framework.TestResult.runProtected(TestResult.java:124)
	at junit.framework.TestResult.run(TestResult.java:109)
	at junit.framework.TestCase.run(TestCase.java:118)
	at junit.framework.TestSuite.runTest(TestSuite.java:208)
	at junit.framework.TestSuite.run(TestSuite.java:203)
	at sun.reflect.NativeMethodAccessorImpl.invoke0(Native Method)
	at sun.reflect.NativeMethodAccessorImpl.invoke(NativeMethodAccessorImpl.java:57)
	at sun.reflect.DelegatingMethodAccessorImpl.invoke(DelegatingMethodAccessorImpl.java:43)
	at java.lang.reflect.Method.invoke(Method.java:606)
	at org.apache.maven.surefire.junit.JUnitTestSet.execute(JUnitTestSet.java:95)
	at org.apache.maven.surefire.junit.JUnit3Provider.executeTestSet(JUnit3Provider.java:121)
	at org.apache.maven.surefire.junit.JUnit3Provider.invoke(JUnit3Provider.java:98)
	at sun.reflect.NativeMethodAccessorImpl.invoke0(Native Method)
	at sun.reflect.NativeMethodAccessorImpl.invoke(NativeMethodAccessorImpl.java:57)
	at sun.reflect.DelegatingMethodAccessorImpl.invoke(DelegatingMethodAccessorImpl.java:43)
	at java.lang.reflect.Method.invoke(Method.java:606)
	at org.apache.maven.surefire.util.ReflectionUtils.invokeMethodWithArray(ReflectionUtils.java:189)
	at org.apache.maven.surefire.booter.ProviderFactory$ProviderProxy.invoke(ProviderFactory.java:165)
	at org.apache.maven.surefire.booter.ProviderFactory.invokeProvider(ProviderFactory.java:85)
	at org.apache.maven.surefire.booter.ForkedBooter.runSuitesInProcess(ForkedBooter.java:115)
	at org.apache.maven.surefire.booter.ForkedBooter.main(ForkedBooter.java:75)
Caused by: java.lang.ClassNotFoundException: org.apache.log.format.Formatter
	at java.net.URLClassLoader$1.run(URLClassLoader.java:366)
	at java.net.URLClassLoader$1.run(URLClassLoader.java:355)
	at java.security.AccessController.doPrivileged(Native Method)
	at java.net.URLClassLoader.findClass(URLClassLoader.java:354)
	at java.lang.ClassLoader.loadClass(ClassLoader.java:425)
	at sun.misc.Launcher$AppClassLoader.loadClass(Launcher.java:308)
	at java.lang.ClassLoader.loadClass(ClassLoader.java:358)
	... 42 more
2014-04-08 22:55:00,899 - Trying to use logger class org.apache.velocity.runtime.log.Log4JLogChute
2014-04-08 22:55:00,899 - Using logger class org.apache.velocity.runtime.log.Log4JLogChute
2014-04-08 22:55:00,901 - Default ResourceManager initializing. (class org.apache.velocity.runtime.resource.ResourceManagerImpl)
2014-04-08 22:55:00,905 - ResourceLoader instantiated: org.apache.velocity.runtime.resource.loader.FileResourceLoader
2014-04-08 22:55:00,907 - Do unicode file recognition:  false
2014-04-08 22:55:00,907 - FileResourceLoader : adding path '.'
2014-04-08 22:55:00,920 - ResourceCache: initialized (class org.apache.velocity.runtime.resource.ResourceCacheImpl)
2014-04-08 22:55:00,921 - Loaded System Directive: org.apache.velocity.runtime.directive.Literal
2014-04-08 22:55:00,923 - Loaded System Directive: org.apache.velocity.runtime.directive.Macro
2014-04-08 22:55:00,924 - Loaded System Directive: org.apache.velocity.runtime.directive.Parse
2014-04-08 22:55:00,926 - Loaded System Directive: org.apache.velocity.runtime.directive.Include
2014-04-08 22:55:00,927 - Loaded System Directive: org.apache.velocity.runtime.directive.Foreach
2014-04-08 22:55:00,962 - Created '20' parsers.
2014-04-08 22:55:00,970 - Velocimacro : "velocimacro.library" is not set.  Trying default library: VM_global_library.vm
2014-04-08 22:55:00,971 - Velocimacro : Default library not found.
2014-04-08 22:55:00,971 - Velocimacro : allowInline = true : VMs can be defined inline in templates
2014-04-08 22:55:00,971 - Velocimacro : allowInlineToOverride = false : VMs defined inline may NOT replace previous VM definitions
2014-04-08 22:55:00,971 - Velocimacro : allowInlineLocal = false : VMs defined inline will be global in scope if allowed.
2014-04-08 22:55:00,971 - Velocimacro : autoload off : VM system will not automatically reload global library macros
